TN:
SF:organelle_morphology/__init__.py
DA:2,1,CHuUGJkwC5CVrSclcNw7tA
DA:5,1,39gkUBXDy0uQyLWSXSr1Zg
DA:6,1,D8FRIBtUOQJnnHXDpLEjvQ
LF:3
LH:3
end_of_record
TN:
SF:organelle_morphology/_version.py
DA:3,1,K4BcHq6j9qQ7cRidWzMN7A
DA:4,1,rOMIMlbvtyu7gXIIy/UEaQ
DA:8,1,hNCmssAQZ7qoBdlllGUVzQ
DA:10,1,0dnmCTEGREssVDmkCY5u0A
DA:11,1,iLYM/fV/jWLjZj9/3dNIxw
DA:12,1,AfF3EtmHjV5rYFfAy7jLfg
DA:13,1,zpfTxDWxX1zLd64UN+J3cg
DA:15,1,hackhJyMTicEO9HE48xevQ
DA:16,1,9ISr6d+daRiXctgrfuNBeg
DA:5,0,pQWLc/BMrcb7ii2BZQdl9g
DA:6,0,12USX4fxbnQ6YrBEX7ZFoQ
LF:11
LH:9
end_of_record
TN:
SF:organelle_morphology/organelle.py
DA:1,1,mGG608meSpk958jHo6txvw
DA:3,1,IWWjrCeOtk8NNtrE95++2g
DA:4,1,mN+xTY7M2W+FM7Y7QMFuiQ
DA:5,1,XsaKemXjBRKpnitTWuqcSw
DA:6,1,EZEzNmL93PY96zsSuI0PfQ
DA:7,1,L00nZxDhRmYfLhGrq84LxQ
DA:8,1,P1zScL0hvZ4qaarj9kcAAw
DA:9,1,aoa9EGYMt6IdAh+GuWQFKg
DA:13,1,uysYtQPN+a8YlWrR89kODQ
DA:16,1,ha1Tqq9Y5E/vB3MMROBCxA
DA:22,1,42jNeSxsFJbxN01yOvk9lQ
DA:25,1,jreAjMB1+LWTg7oeuUZMKA
DA:26,1,xkxiYUTDBIZgzJz5VsNQAQ
DA:42,1,AYKNrhp3g5LTr2wbdI8+eg
DA:43,1,5dHNCSTWsGYQry5eL0TqVQ
DA:44,1,1sP6/lCqLH9IP285d8UFYg
DA:45,1,QrWBtEYLvECbCvuQw0mW/w
DA:46,1,rT72lTUeBI4gUVPj9niKxQ
DA:47,1,uNg3wAkeWsh9qViiUR435w
DA:48,1,YAxnIFvKqZsYi/Y7BGhJnw
DA:49,1,ywjQY35vlmCJYFrNV+uwlw
DA:50,1,G2txclW8RWiv5icbf1BPWQ
DA:52,1,FYQqRaidLaTxb7m/7cGk6Q
DA:54,1,A9vFQvs1Xl9ZQINYEm94Jg
DA:55,1,L6u+5VXulyP1MV6yEckRwg
DA:56,1,noHtVtUmZGLPvmdMHfYMsA
DA:58,1,Nnqu9X+lU2lagW39QNhFWA
DA:59,1,LgeC4iSq656shJbhMXyQhQ
DA:67,1,uF5MNjSE0KAhDF11CA4Eow
DA:68,1,Q+GfT9RLGAWTTLGmJwWDOQ
DA:74,1,TSjgzNFqeXY8iPmYfSADnA
DA:75,1,xjcDBnSwra0OiNOAYAwoHA
DA:76,1,2xJmZ2qTBIKY8IK6B3gOTQ
DA:83,1,10SfQl8g0fLvEN5OqpkCDw
DA:84,1,S4yPOdEcgDm4xUNRlXU9Ug
DA:85,1,5UghCoriy55Q3pe4j23kQg
DA:86,1,Cqj+IGuwZaVkX03TqCNE/A
DA:87,1,s+VfXUIueoCjkSOVir0c6A
DA:89,1,zOpvCuS/SuMencHGPStftw
DA:114,1,0Cu4hbxE1AFIeLdalZ34kA
DA:115,1,UVlZe0UrALiTAJJUzT45qQ
DA:116,1,HVyrBJ61ni9ux6MdUIeaUA
DA:120,1,xjcDBnSwra0OiNOAYAwoHA
DA:121,1,G6/44/UUO4UpfyAD4SNXvg
DA:122,1,Q/BvDPru5r60tT0t3yJqfw
DA:125,1,BNZ0nkGAbS4x5W9vj8Pfhw
DA:126,1,9k5/OxsL5RhHtLGzOGWw4g
DA:127,1,6VTwSUEAmPnWi3r1tHuCfg
DA:130,1,u88iGBjJun/qAjJ5Cs7WSg
DA:131,1,Kn1ztzMhALZPU+J629jEoA
DA:133,1,aE8FTbUFk/upoWvutNXUdA
DA:136,1,41zeUYK0m3uDGsBGBjS7pw
DA:139,1,994vgtw6wAzYWTJGX1PVXQ
DA:141,1,gwarYmbAuRyk7+Z7edhsVg
DA:144,1,+GNty3fSxhQoJrENExjcAA
DA:148,1,i5+zqsuZlmuIszbhEI/PaQ
DA:152,1,ayD/vipNhHYenOUr54TjWQ
DA:153,1,uA5Gx4I6Qx4n2uFgfSRGUA
DA:154,1,Pd8/qp+fHqG3pi/b0enNCQ
DA:155,1,1+ARm2lSlk+0wtEX7YuedA
DA:160,1,N3XAnkhY2OOoIx9AOfPD7Q
DA:161,1,TGlBTNjiAJhfTTjGO7F7aQ
DA:162,1,mK+tUWXln0M3/QEM4D/4ag
DA:165,1,gRZ6etN55CzHAq10Tr7wtg
DA:166,1,rH3BHO5yqw5grY/gGNlCAA
DA:169,1,j9xK2fvFeIMuyTYvxcjapQ
DA:172,1,vVyTMK2/HK3OJI7JJZrB9w
DA:173,1,xBnqwzxmtPh610+vja+JvQ
DA:175,1,8vRVaeDCnwAwld70j9Ayxw
DA:179,1,rdd+uhKew5cvteSUuVJjyw
DA:180,1,c51doWbXoT/wHkCSx6OpTg
DA:181,1,dPXKefd9ArcoOcMTS57HRw
DA:183,1,ELMURn0DL7ngXRk7X4MQQg
DA:218,1,GDpX37pN2jMs2PPCmBWi8g
DA:221,1,MzJUWNxATQEiHqGeSX2+vw
DA:222,1,8SIBXCmQq0FFE+lbZOEMtQ
DA:225,1,JQ6ZtA+KIeVb+KMIWl9B9Q
DA:226,1,i2PcG+aB/kV0rdy4b2S6jg
DA:229,1,PSOYDh2jIWvv21IEZdLwNQ
DA:230,1,zKJVsZ2PVO4anCpooEv2Mg
DA:231,1,N2BRIjQ5oOg9wNqiYF4kvQ
DA:234,1,dwmW8QWB9vxVNWz1urz3/A
DA:235,1,AMCr67lzKZ27JCRE0N7NKQ
DA:236,1,uo3sMOaJxWOW8LNJqzpEKQ
DA:237,1,g+63NN8YyVgHWfJQr/ggeQ
DA:238,1,peKTJyeAhWV2+V9RIjx+Cg
DA:240,1,/RzP1RvovGGdBU7DXlD6qA
DA:241,1,QjAXxRX+0siKnu0mkOgqJw
DA:243,1,vKO0Ra9obEXTdEtCiRK6vw
DA:258,1,SCzlKRJLrFfbulyoOb2uMQ
DA:260,1,HmADa1g/W1C2Vo9Wm4sNNA
DA:261,1,zfNjt1K5WpJCkPpQ+djRHg
DA:264,1,redq69p6BuXyJssh8V7EjA
DA:266,1,HmADa1g/W1C2Vo9Wm4sNNA
DA:267,1,RXXz+f+s+TGJNGIN3PflKg
DA:269,1,umHd/LlWoGfIMHObga//DA
DA:272,1,VJkXhsfv4OjYd5jRb9jjyA
DA:273,1,QwNQUFJ8qnDxYk2v+GToUw
DA:276,1,5dmduS0x8QjwyNZzOV+cGw
DA:277,1,RGXGHbCwZlWChPlLkCYhMQ
DA:280,1,jggaksNS9i5gE/uGUBIEkg
DA:283,1,X95SoyC7hqyZsY9UTb9uTw
DA:286,1,wE5osFDq7OzN7PURFrDkOg
DA:290,1,StBjRWuOgzW08uBMGpScQg
DA:291,1,4CCB95IAifrgHETVx+MfFA
DA:292,1,zInOLrMVn3vA8oC1N0PTKQ
DA:294,1,R4wFiSAxYVuMfbQly5puWA
DA:295,1,caUUlxYrhE3GZo9MtFoI6Q
DA:297,1,MNnDs19aPyv0PafN9IZ1/w
DA:299,1,HmADa1g/W1C2Vo9Wm4sNNA
DA:300,1,N92uF6DoLufap83n7tXI0g
DA:305,1,5Re7InQsBNzAicQM0TSIyw
DA:311,1,BJLrSdFZKE5PBB9RKTQI6Q
DA:313,1,HmADa1g/W1C2Vo9Wm4sNNA
DA:314,1,7NsfJfEawVSQYRNkzZzm3Q
DA:316,1,1j71ibUwiikE2iHSoFyk0A
DA:317,1,PDqPheN+mcebZs+Tg6w4uQ
DA:318,1,nSZ9ajix0WLoV+h2QBHlpA
DA:320,1,SGbAldp2MNzQl/ermKUtig
DA:322,1,HmADa1g/W1C2Vo9Wm4sNNA
DA:323,1,7qU67H6zoYYsUO5/v9JhFg
DA:326,1,NTv3ImzHFoCJpiX5xsbtpw
DA:328,1,HmADa1g/W1C2Vo9Wm4sNNA
DA:329,1,eOpi8Oy3LH421q/Ke/NJdw
DA:341,1,/3ZEMailRdX0aw2JT0/1Aw
DA:343,1,HmADa1g/W1C2Vo9Wm4sNNA
DA:344,1,eEacjMC3k75l0sRlYNkFdg
DA:346,1,k1XQwX7g0nDSbHfrc+XG1A
DA:348,1,UALbEMkT/yMq6a1d61uPUw
DA:349,1,KREWONJsqI0VLZJ3kF/PNQ
DA:351,1,N7Q7O2XNOt7/bfMR3tkrQQ
DA:352,1,DjpbTWgcuHFz3UuSPdlWWA
DA:353,1,Mjiy26fNiUtxda59dBBBQg
DA:354,1,rAk8EmEsJavRC0oAbCSIBw
DA:356,1,8qmeMlxgFM8QCsmywcIwFA
DA:357,1,qKJ/CBEl6cnsrpstsy4Dqw
DA:360,1,v48QE1RYMmJkFvVeTf0lFA
DA:361,1,AEr4XbYtPUv9Z0s72IOgbA
DA:365,1,oFLWzuUpNEOALtzqUjvDmw
DA:367,1,HmADa1g/W1C2Vo9Wm4sNNA
DA:368,1,GFu6OoP9ND4sBCX7sQCiDQ
DA:370,1,k1XQwX7g0nDSbHfrc+XG1A
DA:373,1,DwbeZwdM/853vk8F9OQMPA
DA:375,1,UglRAPR31PhhMHUCRHZe8g
DA:376,1,9fulJut1YZmdU8Uvh/frag
DA:377,1,7Iyvb288elc24Y1wzJegiw
DA:381,1,CqpZtJ7pkPEJSNZz771FVQ
DA:382,1,Et7tyC3Jzt0Skg+4GdBvkw
DA:386,1,VwEvc2RtjJYyVFoEOJgyQA
DA:387,1,D8d+oYnsG6ISP+fIMdYZ+g
DA:389,1,HmADa1g/W1C2Vo9Wm4sNNA
DA:390,1,8MFUJ1TLNSOX5rxlSNfulw
DA:393,1,iDl7D5zuGQYvgiyWzZaj3g
DA:394,1,Yo7tngf+n8/Ttf1OFpNr6Q
DA:396,1,j8CHPW4PxBrz6kpkqh29fw
DA:399,1,FOIv/I6BysdNCn9uInxuDw
DA:400,1,PdeqDqr4bOft68ON3+/7kg
DA:403,1,nPLSH/oynXSSuA2f8UtSmg
DA:404,1,PdeqDqr4bOft68ON3+/7kg
DA:79,0,HyLChGJUzV2eIS2Fv7+9iA
DA:80,0,wAOr0rbRdlpaY4eQO2em9Q
DA:81,0,h49hfScdCkJbWn0dMaGADA
DA:82,0,Dwjd91USmMoWKfkSCVg/jg
DA:137,0,LyRYBTs0Ub+zqAZx1q+cHA
DA:145,0,eDv4sdo0P607swGYhjlu+g
DA:146,0,i7u9iUA59/tTMMUKFMRTzQ
DA:176,0,AiguobWX5a2rmRhY6Q/STA
DA:177,0,zzVGCmAuouRMK29bwSJgqQ
DA:184,0,5Re7InQsBNzAicQM0TSIyw
DA:185,0,Dwjd91USmMoWKfkSCVg/jg
DA:187,0,LWhpXv+UJYSrXKBLra8QWA
DA:188,0,/y1aXHbiqm53BociZqNRzQ
DA:190,0,9ADoJZdFgRxBqveAwEsAjg
DA:193,0,KcdE6gihXXyN0g5DYBHjtA
DA:194,0,L6kltLgXTi3niMk82OwoEA
DA:195,0,odj6mu3tNU6bSD+YcG63ug
DA:197,0,XPrFL+/avwWGFuthMQxK+w
DA:198,0,oNUuPOYi/xdEGE+Uq5DHAQ
DA:201,0,ayhWC9U7fnB0KUFh3Tm3Ug
DA:204,0,39bspjWMWMl2EiI8ilXRLg
DA:208,0,QuvXbBjRFRTnFn38wqOrvA
DA:216,0,LTJ9v0VL6sl4md8MyWPdIw
DA:270,0,MNnDs19aPyv0PafN9IZ1/w
DA:274,0,7o9zkD7IeYVq+Os0gwksgg
DA:306,0,EOoSpHVggUagTZA3Y4uHMA
DA:309,0,Dwjd91USmMoWKfkSCVg/jg
DA:378,0,6hHCG/iWeO+lKOOIverZ3w
DA:379,0,lo6ld8kay33UFNQdaX/Uog
LF:188
LH:159
end_of_record
TN:
SF:organelle_morphology/project.py
DA:1,1,lDwd1S4uBPtqq5w5FCl4rw
DA:2,1,yCRBdg59VzJGJV0aKtLjgA
DA:3,1,vnr1ECL90kTE/HRpVdjcTw
DA:5,1,OaTlemF3bXMi5MP7Db8vkQ
DA:6,1,7Z9Lj4ed27Wf2hBX6jooEA
DA:7,1,9ib9jXLYq8Jpa8IR4GQL4A
DA:8,1,IWWjrCeOtk8NNtrE95++2g
DA:10,1,IWWjrCeOtk8NNtrE95++2g
DA:11,1,wbex0Ytf94b7jE0u9OATig
DA:12,1,mN+xTY7M2W+FM7Y7QMFuiQ
DA:13,1,LLYH8DoVAN+jfzd9Upv4FA
DA:14,1,L00nZxDhRmYfLhGrq84LxQ
DA:17,1,MSuDhmlVgXCPlWFumN/5Eg
DA:26,1,ZgiaxTB8Nscaj/eeznGgow
DA:27,1,yGJSXMs4Wf0ZC1SwXTkVfQ
DA:28,1,v0a20EKRpUcLcyJzDtsNwQ
DA:29,1,Xax6dLpl6Hd/cL6tiiZoGw
DA:32,1,WS9FKyXuYDaiODMV0R9ANg
DA:35,1,01T2GKACF12NNTopAXEflw
DA:36,1,4YXQCPhiyqYNLMAGnznsgw
DA:37,1,dNflY4pDmjoGX9HUYRkmQw
DA:39,1,SoDyNtq5EsHI+dcNCzRJ+A
DA:44,1,6qdg8vzV8TNfBlAvnzZY6A
DA:48,1,p0q9RvvV0+1haiXDX7CWkg
DA:49,1,4LgMgWBGno1n5MNJ8WRFsQ
DA:75,1,Dyeuv2mUEq9mNFYN1+yN7Q
DA:76,1,gfJUAD7zIIAzNBH4TnTUog
DA:78,1,w32ij84ZUnr0ZmwK8niGOQ
DA:81,1,iJzfXywBR9lXnYC2kMDdyQ
DA:85,1,M6QcwY6eRXpsydloMAO4NQ
DA:86,1,Z//eaCLIAEqP2i/2amwrMQ
DA:87,1,PQqXBKrI6E4QzxiQIAQnkA
DA:88,1,oPDz9zu5jcEo1t0q2qXaBQ
DA:90,1,W8lBJ78QZZBC7IG6uxmvTQ
DA:91,1,l3UVFN1/M9sdsLBr6xKm2Q
DA:93,1,ggrXp7nF0cE2zuNg3bYmSA
DA:94,1,XUA4Pw5rl3yOUbF3gzCz5Q
DA:96,1,TnP6ndvm99xtnXz+x1Fkdg
DA:99,1,Qd7QUHI9eT7hjoh54LiQ3A
DA:101,1,rW2967qQHhrHlGOYYVMopA
DA:102,1,QrWBtEYLvECbCvuQw0mW/w
DA:104,1,USV8YtxJOFs+VFU3CXULRA
DA:106,1,Jz7s94BedIidqvCuxglyjQ
DA:107,1,qDoe76kNYeUprnU8DvoC2Q
DA:108,1,uNg3wAkeWsh9qViiUR435w
DA:111,1,K92QBymJaJJ9h+sXl1ok9w
DA:114,1,W6Nf3P6XFEczQquBH5cwGQ
DA:116,1,HmADa1g/W1C2Vo9Wm4sNNA
DA:117,1,FtBGBlmQ8mxMeOR82Dmiag
DA:118,1,5ODYnKiSaXNu52tAd9hrUQ
DA:120,1,Sif7W5eyMmkStI6ZUFCsHw
DA:123,1,saupeEkSzG0cqLZDeMjlDg
DA:125,1,7Fr7lZB0JF18R5VQOVHzFg
DA:142,1,kiowmXhcX2ZsXqud0YNixg
DA:143,1,oLs0XPGNJAWHBgDRxJXLPg
DA:145,1,rgKTLT5+b0qJlMJP9nch3Q
DA:146,1,4DUQG7qM+uESOt4qaDkpyQ
DA:149,1,SNiHGtQFMKJkDzvlCXsRDA
DA:152,1,1rrDEcp5kdDoRPG7k7sunA
DA:160,1,XPB+mYIXKNNiiGGngxkGeg
DA:165,1,j2Z1tcz9cyDq3NKpAlQFjA
DA:167,1,QhSDUMQG30mblUR9MFAXYQ
DA:176,1,6yFuN0+I71F/5sAH/mxECA
DA:177,1,8Fvg12uvJ4zhT+ldmFJUqw
DA:178,1,MXKUH+O7A6uC1Bx3HbIZHQ
DA:179,1,HRmYgrUgQRrlHMAQ7gWdXQ
DA:181,1,ml4ETehv6Ml4JBsj4jJvdg
DA:189,1,YIlkFtNnbvQGp4SVhcEaEw
DA:198,1,6yFuN0+I71F/5sAH/mxECA
DA:199,1,8Fvg12uvJ4zhT+ldmFJUqw
DA:200,1,MXKUH+O7A6uC1Bx3HbIZHQ
DA:202,1,ml4ETehv6Ml4JBsj4jJvdg
DA:210,1,LYoj6V4KsrMUwllq39lvlg
DA:217,1,6yFuN0+I71F/5sAH/mxECA
DA:220,1,wdvYSYZXrJ1QXc6dveQj6Q
DA:221,1,8Fvg12uvJ4zhT+ldmFJUqw
DA:222,1,Ez/OGwdgfY5OtvBsdgWYvA
DA:227,1,aNxhZDGx7+Aqo7Dcu7juQA
DA:243,1,KQtoX8HpZ6rd19cucj2WMg
DA:253,1,FK+GvYUUbInHp6puy1wYCA
DA:255,1,HmADa1g/W1C2Vo9Wm4sNNA
DA:256,1,XhhajtIpEWbPC9qqKkk57A
DA:259,1,+bSACeUhqfeIrYrhk/CCZw
DA:261,1,Ty+1SWPCI9HmbphsDWF+Kg
DA:264,1,j/OF1Y8lNqP6g6z5xCTBzQ
DA:265,1,h3YB+h+YRY2HqEi/WxvZKA
DA:266,1,6YOVTSxO2KtszQAXWFmr1Q
DA:272,1,HmADa1g/W1C2Vo9Wm4sNNA
DA:273,1,z0AWDFcbJtaDfc/zpqYagw
DA:294,1,cIQGYY2SgL7BrQQQIca3Uw
DA:296,1,31T6PMWiXWWmM78JsBdyTg
DA:297,1,1aMuIXNltdTLJKtAAqn/RA
DA:298,1,53/BDfcZ3wnHeV9iJr+HZg
DA:302,1,9lNKVL5D1rRMCs92mWnMyw
DA:304,1,HmADa1g/W1C2Vo9Wm4sNNA
DA:305,1,RXXz+f+s+TGJNGIN3PflKg
DA:306,1,JIvQlyrUGhGvQ1j9JntoBg
DA:307,1,Dlgxu8wzu/7PdBgKfV9ckA
DA:308,1,/IM13oc/EM3cPUJKfrZrdw
DA:309,1,S6BOf4mSBI3PNCuc1aMg5Q
DA:310,1,wq8PT67XId7BG3PZKqaz2w
DA:314,1,HmADa1g/W1C2Vo9Wm4sNNA
DA:315,1,GFu6OoP9ND4sBCX7sQCiDQ
DA:319,1,MUw3mK60yG6zKCY2o6JvhA
DA:320,1,akoIonrRDruKxWkc/OBheg
DA:322,1,A/aVOHHGwBNxBJ7pzTeNLQ
DA:324,1,HmADa1g/W1C2Vo9Wm4sNNA
DA:325,1,Poi5cXa1OmitHn0kQSAbbg
DA:327,1,cIQGYY2SgL7BrQQQIca3Uw
DA:329,1,m9BiDOZZXeMNikNMefMGig
DA:330,1,Cx16jW6Z0Pdwpmyzq3C3RA
DA:331,1,nmnkYVjXDzb4bH5MW1j6bQ
DA:332,1,xRz6oNe1CQon1xQf2DZKiQ
DA:333,1,pF5x5yJwz9KNKULcFsrm/w
DA:334,1,QhDfieMEQUbhPBNXqllo2Q
DA:335,1,qkT/O4YaYxLiCrTvNtQQUg
DA:337,1,e1G5RhyXBDJrb9H3iJ0FyQ
DA:338,1,sKQwQENvPgVCZj1OSxw0Vw
DA:340,1,XrT/0KykTgZZcauBp9dVPA
DA:341,1,l8A+Q81GXoi4CvNzc9dWqw
DA:342,1,pK/WJn8ZdtEtSavAAbmjKA
DA:343,1,OA90YdG0I9VCNj4g2YlxNA
DA:344,1,4VcTDb8/KZqUGuU2hkJ50A
DA:345,1,k65vnT7PD8Ga636UOrcueQ
DA:347,1,MzqkSBIPgJaI4JmP8AZxtg
DA:348,1,6FpgQH9KiGoOb24K84eXPQ
DA:350,1,QWQKrbHjuzWTyoXb96YknA
DA:355,1,ks916oekYP768odMtf8JOQ
DA:357,1,i+Tj4NjQNBkFLJOgS+3m0w
DA:359,1,HmADa1g/W1C2Vo9Wm4sNNA
DA:360,1,pHX52xDqIwcJ/O2YmBkdTA
DA:363,1,P4hTQYFZ3u0FPXe113gC1g
DA:365,1,HmADa1g/W1C2Vo9Wm4sNNA
DA:366,1,pirU62FLx71WSnUH1lnI2A
DA:369,1,JdHG9abmi+Tn0U91NjG8Zw
DA:370,1,Dwjd91USmMoWKfkSCVg/jg
DA:372,1,rPZL9WBOUliXAnlwC2BDcQ
DA:374,1,hG9tHayr4nv9W5TKIfLW6A
DA:393,1,H95GJtWQAVHDQZ+nCs/K2A
DA:394,1,RzrLd482jteZFwvATyixUA
DA:395,1,iXeirSxdcjjn9LsgyMp9ow
DA:397,1,KxMslEMb3nhNHpH11ZF4uw
DA:398,1,ghb8SDxeh7dH/n7oIvhFRg
DA:399,1,aC0/IQLweEpt6wQTQWezXQ
DA:401,1,cPa3dAsIk+eSRfSpgwNsyg
DA:30,0,g7dDf8filqERLr7b73iqPg
DA:45,0,PFwiDrydfhjk3TfE0xH+Ng
DA:112,0,Y0InFZ08SKDsV7Pf6pf+7A
DA:161,0,HVyrBJ61ni9ux6MdUIeaUA
DA:201,0,HRmYgrUgQRrlHMAQ7gWdXQ
DA:228,0,iKKrfEgvjagVdFDfDumsTA
DA:229,0,c0H4Mr8BiDrinaiSlQWJow
DA:230,0,Uk1iEqLYWHwxE4nbWtF0CQ
DA:231,0,pk9JngTBPBxiuWm1Ikyykg
DA:239,0,xwMyG628hnAtafUb78Z1EA
DA:240,0,2K1okvWx3jnd5S8x5LE+pg
DA:241,0,u8O2TVfm1mlc46e+3EuODw
DA:242,0,kE1cA0ozVrPpXSDJeaK7zA
LF:158
LH:145
end_of_record
TN:
SF:organelle_morphology/source.py
DA:1,1,qdLiPD4YblhEoZtQsViYLQ
DA:3,1,FrfdG4fzOk1sk5TYfgd1HQ
DA:5,1,CbaU/TJ84QH5av4CQIv3kw
DA:6,1,OaTlemF3bXMi5MP7Db8vkQ
DA:7,1,IWWjrCeOtk8NNtrE95++2g
DA:8,1,9ib9jXLYq8Jpa8IR4GQL4A
DA:9,1,SzMdSbWebKgxdcGjaZy9Jw
DA:10,1,Ex3xTz1IBWZGWKzitlNCyA
DA:12,1,uqQzsyLE2snBclOsmsd0qA
DA:14,1,KcQE6W/+EWD6tcGkVAbMMA
DA:17,1,XpXVDxrjy9iOAJSJSoFyfg
DA:18,1,4LgMgWBGno1n5MNJ8WRFsQ
DA:38,1,Hij3TAtdg9oTOZe1ccED5g
DA:39,1,6vxwvDQi3npw4QFoKbqXBQ
DA:40,1,EGbBUWg0qJx6R4UgxR7qBw
DA:41,1,rMkzPSXulOCiDiMgTl8gvw
DA:44,1,efiKnpFyeJvKTXumuFF2fg
DA:45,1,Iil4QHkJIK+MYZA5Mznn5A
DA:46,1,wZfJGIEZSzIMJ8GeUqtNxQ
DA:47,1,rW2967qQHhrHlGOYYVMopA
DA:48,1,QrWBtEYLvECbCvuQw0mW/w
DA:49,1,Jz7s94BedIidqvCuxglyjQ
DA:50,1,uNg3wAkeWsh9qViiUR435w
DA:53,1,Y50xlXTSFACYuiWnhjJA6w
DA:55,1,HmADa1g/W1C2Vo9Wm4sNNA
DA:56,1,pHX52xDqIwcJ/O2YmBkdTA
DA:59,1,Ad942NGsOFhAnFL2vLWx0A
DA:61,1,lEH1ZSkuj0qeYPvPD/1muw
DA:64,1,gce1fUsZVIGyPqeIven9/w
DA:65,1,uT+8r3q2i61rpmTgDGZP+g
DA:66,1,A+yQhbWvfgHZ7Ir+KQKxxg
DA:69,1,d6uEqgznN/5gAJ5hwSlnlw
DA:74,1,cMg+O8UjqYyEZDi6s/jSzw
DA:81,1,0/cjYbzC5rkzCuiUC5Oxhw
DA:93,1,F/EjHofJFOcsZbtcXlLEnw
DA:96,1,NkS5Zrl5C4fi7g8E4+ZKCw
DA:104,1,ZlGdP7LWFerIX4rHoFoPyQ
DA:105,1,aTOYtJGxihk7TGl1rbhC6A
DA:108,1,CJ/ChbVAElXaLL5ViHeSsA
DA:111,1,pVVzLIwkPJzt91tvUCrfsQ
DA:112,1,xH6oX4D+FjEGLRXEJrQOKA
DA:113,1,NRub1C39IKnArotQMp0uMQ
DA:117,1,PtLsiwZZdLkLEHwjuZMTgw
DA:119,1,HmADa1g/W1C2Vo9Wm4sNNA
DA:120,1,tCMDzE+L/R3caKSJFLX4OA
DA:122,1,RDJNbf4OEpeI3GDiSNUsVw
DA:124,1,cs+ALFcWBwsXVgH3+tXxhw
DA:125,1,fXUaqjxxiCsUeYaLM0aMSQ
DA:129,1,K+obbZK/LxJGIgV2AlabEA
DA:138,1,z3wKA4B4h/c7VKo5HB6m+A
DA:146,1,oRmadllW7GdisjkNDDK/sg
DA:148,1,HmADa1g/W1C2Vo9Wm4sNNA
DA:149,1,GFu6OoP9ND4sBCX7sQCiDQ
DA:151,1,1aMuIXNltdTLJKtAAqn/RA
DA:152,1,Trt73ZifoKDxSeB2WEfJxg
DA:153,1,A/aVOHHGwBNxBJ7pzTeNLQ
DA:155,1,HmADa1g/W1C2Vo9Wm4sNNA
DA:156,1,PlfEA2xu/Ibp4ymUfBU9wg
DA:158,1,RDJNbf4OEpeI3GDiSNUsVw
DA:160,1,NA8b9x1iQTWFpQnxFeVMwQ
DA:161,1,5Ury0oijteP2P5RUQ6RCkQ
DA:162,1,4wSlxiIzxtC7j9h0DMhNCw
DA:164,1,OGHptanXaWp82pK94jkwXQ
DA:165,1,r/CW6iC3Yrl1BouDQdR7HQ
DA:166,1,8ebjN2h+wD0mifFDwyEx3g
DA:167,1,YK5WTBZasjgLFi/9zYXeOQ
DA:168,1,boqkSP3GDJhyMPUQE1gu6w
DA:169,1,r3TLSp+MLphFN33gSkG8Ow
DA:173,1,97soUUTSwsaiDWz8TsfK1w
DA:175,1,CFQxdX0u/95vIlZRql5rYQ
DA:177,1,HmADa1g/W1C2Vo9Wm4sNNA
DA:178,1,3dodldN3IqK2bK8g1+ya3Q
DA:194,1,HmADa1g/W1C2Vo9Wm4sNNA
DA:195,1,0f6jd93SKuvOxIXujXW4yg
DA:198,1,FpbDiat+54bpwYiM4p5dAQ
DA:200,1,HmADa1g/W1C2Vo9Wm4sNNA
DA:201,1,iijxp8rdRn9bOiijnqHuHw
DA:204,1,O2GFFMb5QeZYmV+0L4xcvw
DA:214,1,HmADa1g/W1C2Vo9Wm4sNNA
DA:215,1,1nOnN9ZjJmsTWue74G4ajA
DA:217,1,IZCp8LIiTBk5tDhiExCBLg
DA:218,1,ZQznno3jfKguRMMryPPEIA
DA:219,1,flZEfysWqkgxc9aBiwvtbg
DA:222,1,n9O8tcelmtaZ4F++EKhg6g
DA:224,1,hG9tHayr4nv9W5TKIfLW6A
DA:243,1,Wqa5tLSVhm/O1hN/lzBS8Q
DA:244,1,fv83xJD+6ggrgkOKHb2xXw
DA:247,1,+8/oIWP0AL6KQdeSrPl5uA
DA:248,1,9PJDCGQhurKrf8Zh8Qf1RA
DA:249,1,R51mU1ecoqsLrjozTifRlA
DA:252,1,QvwViIbP6JwzXXLK1BH5Gw
DA:255,1,BsV0SpwwklP2n10jBjYQhw
DA:256,1,cZF2aCiqbJVom1FJsYfK/g
DA:258,1,CMKT16qzyHbejU37YsEfcA
DA:186,0,5YMuPVpIRpnlfAIuvJN6QQ
DA:187,0,5Ury0oijteP2P5RUQ6RCkQ
DA:188,0,yF38ZtHwiwKkUyD6xQeiwA
DA:192,0,sRF6M+mCQIZebus5zdOtPQ
LF:98
LH:94
end_of_record
TN:
SF:organelle_morphology/util.py
DA:1,1,YfNjf/lR08q7la6j9dr6QQ
DA:2,1,9eqGzs2W1tXXCFbRkoRQVg
DA:3,1,B33RtKIWGc0PEBq81ilBVw
DA:4,1,e0T+vIAAj5hu0lfCvp+CwA
DA:5,1,T4yd8X2aOdTI2NL99WJ+PQ
DA:6,1,hniKyJIqQeOtjS3gMRi4gw
DA:7,1,GOGEcT4BZSnQOJJRjIV76Q
DA:11,1,DXIwyvDEE4V8mKXp3HXSsg
DA:14,1,Imcei/rWbC3zWeSHg5WvCA
DA:15,1,xx27pDTFcuKB6qvqrPXBPw
DA:17,1,Wzi3PrmVGscuvdVQjkThag
DA:29,1,OLgyuU4bsUlTj+LUTAqxjg
DA:30,1,Hjp19E586X5reAdmrU6USQ
DA:33,1,IitQH7rjk3CM/j9zT38jFQ
DA:37,1,LGD/dbWVrL6UaoIiOTXZEQ
DA:40,1,AIMQRN2nqYP4PI+5beoJpQ
DA:43,1,oUnT2GHulNIMHQDD7eYSgQ
DA:50,1,Imcei/rWbC3zWeSHg5WvCA
DA:51,1,1TLr7PbVEWsM+V/n9c7DcA
DA:55,1,hYihcYLsrGPwmt80mKyrmg
DA:58,1,nrJgyfmbyZC1mtPo7dW+0w
DA:59,1,1eUzwiSdZAPlK9/oU1mxDA
DA:60,1,crQ1XjkwCfAGiJyOrZz5lw
DA:66,1,uEcQoRpCujLR5V+axV4b9A
DA:67,1,/ixdd0n1REpGqTx8YnxYBA
DA:34,0,+UKbBYXrgjB6A2VWBEkWsg
DA:47,0,2KnJIruZ7q3lT83FTA91sw
DA:63,0,O0T3G017RXnsh8JQOI1cqQ
LF:28
LH:25
end_of_record
